@@mydiv~~~
<ul><li>Abyssinian</li>
<li>Aegean</li>
<li>American Curl</li>
<li>American Bobtail</li>
<li>American Shorthair</li>
<li>American Wirehair</li>
<li>Arabian Mau</li>
<li>Australian Mist</li>
<li>Asian</li>
<li>Asian Semi-longhair</li>
<li>Balinese</li>
<li>Bambino</li>
<li>Bengal</li>
<li>Birman</li>
<li>Bombay</li>
<li>Brazilian Shorthair</li>
<li>British Semi-longhair</li>
<li>British Shorthair</li>
<li>British Longhair</li>
<li>Burmese</li>
<li>Burmilla</li>
<li>California Spangled</li>
<li>Chantilly-Tiffany</li>
<li>Chartreux</li>
<li>Chausie</li>
<li>Cheetoh</li>
<li>Colorpoint Shorthair</li>
<li>Cornish Rex</li>
<li>Cymric or Manx Longhair</li>
<li>Cyprus</li>
<li>Devon Rex</li>
<li>Donskoy, or Don Sphynx</li>
<li>Dragon Li</li>
<li>Dwarf cat, or Dwelf</li>
<li>Egyptian Mau</li>
<li>European Shorthair</li>
<li>Exotic Shorthair</li>
<li>Foldex[4]</li>
<li>German Rex</li>
<li>Havana Brown</li>
<li>Highlander</li>
<li>Himalayan, or Colorpoint Persian</li>
<li>Japanese Bobtail</li>
<li>Javanese</li>
<li>Karelian Bobtail</li>
<li>Khao Manee</li>
<li>Korat</li>
<li>Korean Bobtail</li>
<li>Korn Ja</li>
<li>Kurilian Bobtail, or Kuril Islands Bobtail</li>
<li>LaPerm</li>
<li>Lykoi</li>
<li>Maine Coon</li>
<li>Manx</li>
<li>Mekong Bobtail</li>
<li>Minskin</li>
<li>Munchkin</li>
<li>Nebelung</li>
<li>Napoleon</li>
<li>Norwegian Forest cat</li>
<li>Ocicat</li>
<li>Ojos Azules</li>
<li>Oregon Rex</li>
<li>Oriental Bicolor</li>
<li>Oriental Shorthair</li>
<li>Oriental Longhair</li>
<li>PerFoldæ(Experimental Breed - WCF)</li>
<li>Persian (Modern Persian Cat)</li>
<li>Persian (Traditional Persian Cat)</li>
<li>Peterbald</li>
<li>Pixie-bob</li>
<li>Raas</li>
<li>Ragamuffin</li>
<li>Ragdoll</li>
<li>Russian Blue</li>
<li>Russian White, Black and Tabby</li>
<li>Sam Sawet</li>
<li>Savannah</li>
<li>Scottish Fold</li>
<li>Selkirk Rex</li>
<li>Serengeti</li>
<li>Serrade petit</li>
<li>Siamese</li>
<li>Siberian</li>
<li>Singapura</li>
<li>Snowshoe</li>
<li>Sokoke</li>
<li>Somali</li>
<li>Sphynx</li>
<li>Suphalak</li>
<li>Thai</li>
<li>Thai Lilac</li>
<li>Tonkinese</li>
<li>Toyger</li>
<li>Turkish Angora</li>
<li>Turkish Van</li>
<li>Ukrainian Levkoy</li>
<li>York Chocolate</li>
</ul>~~~
@@